13-01-2019 02:06:19.495 [restartedMain] INFO  i.a.v.SpringVideoServiceApplication.logStarting - Starting SpringVideoServiceApplication on myworld with PID 14124 (E:\workspace\sts\spring-video-service\target\classes started by myworld in E:\workspace\sts\spring-video-service)
13-01-2019 02:06:19.496 [restartedMain] DEBUG i.a.v.SpringVideoServiceApplication.logStarting - Running with Spring Boot v2.1.1.RELEASE, Spring v5.1.3.RELEASE
13-01-2019 02:06:19.496 [restartedMain] INFO  i.a.v.SpringVideoServiceApplication.logStartupProfileInfo - The following profiles are active: dev
13-01-2019 02:06:20.062 [restartedMain] INFO  o.s.c.s.PostProcessorRegistrationDelegate$BeanPostProcessorChecker.postProcessAfterInitialization - Bean 'org.springframework.hateoas.config.HateoasConfiguration' of type [org.springframework.hateoas.config.HateoasConfiguration$$EnhancerBySpringCGLIB$$d34780b1] is not eligible for getting processed by all BeanPostProcessors (for example: not eligible for auto-proxying)
13-01-2019 02:06:20.273 [restartedMain] INFO  o.s.b.w.e.tomcat.TomcatWebServer.initialize - Tomcat initialized with port(s): 8080 (http)
13-01-2019 02:06:20.276 [restartedMain] INFO  o.a.catalina.core.StandardService.log - Starting service [Tomcat]
13-01-2019 02:06:20.276 [restartedMain] INFO  o.a.catalina.core.StandardEngine.log - Starting Servlet Engine: Apache Tomcat/9.0.13
13-01-2019 02:06:20.299 [restartedMain] INFO  o.a.c.c.C.[Tomcat-1].[localhost].[/].log - Initializing Spring embedded WebApplicationContext
13-01-2019 02:06:20.300 [restartedMain] DEBUG o.s.web.context.ContextLoader.prepareWebApplicationContext - Published root WebApplicationContext as ServletContext attribute with name [org.springframework.web.context.WebApplicationContext.ROOT]
13-01-2019 02:06:20.300 [restartedMain] INFO  o.s.web.context.ContextLoader.prepareWebApplicationContext - Root WebApplicationContext: initialization completed in 802 ms
13-01-2019 02:06:20.435 [restartedMain] INFO  i.a.video.config.SimpleCORSFilter.<init> - SimpleCORSFilter init
13-01-2019 02:06:20.591 [restartedMain] DEBUG o.s.w.s.h.SimpleUrlHandlerMapping.registerHandlers - Patterns [/**/favicon.ico] in 'faviconHandlerMapping'
13-01-2019 02:06:20.634 [restartedMain] INFO  o.s.s.c.ThreadPoolTaskExecutor.initialize - Initializing ExecutorService 'applicationTaskExecutor'
13-01-2019 02:06:20.650 [restartedMain] DEBUG o.s.w.s.m.m.a.RequestMappingHandlerAdapter.initControllerAdviceCache - ControllerAdvice beans: 0 @ModelAttribute, 0 @InitBinder, 1 RequestBodyAdvice, 1 ResponseBodyAdvice
13-01-2019 02:06:20.665 [restartedMain] DEBUG o.s.w.s.m.m.a.RequestMappingHandlerMapping.handlerMethodsInitialized - 6 mappings in 'requestMappingHandlerMapping'
13-01-2019 02:06:20.671 [restartedMain] DEBUG o.s.w.s.h.SimpleUrlHandlerMapping.registerHandlers - Patterns [/webjars/**, /**] in 'resourceHandlerMapping'
13-01-2019 02:06:20.682 [restartedMain] DEBUG o.s.w.s.m.m.a.ExceptionHandlerExceptionResolver.initExceptionHandlerAdviceCache - ControllerAdvice beans: 2 @ExceptionHandler, 1 ResponseBodyAdvice
13-01-2019 02:06:20.694 [restartedMain] INFO  o.s.b.a.w.s.WelcomePageHandlerMapping.<init> - Adding welcome page: class path resource [static/index.html]
13-01-2019 02:06:20.843 [restartedMain] INFO  o.s.b.d.a.OptionalLiveReloadServer.startServer - LiveReload server is running on port 35729
13-01-2019 02:06:20.848 [restartedMain] INFO  o.s.b.a.e.web.EndpointLinksResolver.<init> - Exposing 16 endpoint(s) beneath base path '/actuator'
13-01-2019 02:06:20.895 [restartedMain] INFO  o.s.b.w.e.tomcat.TomcatWebServer.start - Tomcat started on port(s): 8080 (http) with context path ''
13-01-2019 02:06:20.897 [restartedMain] INFO  i.a.v.SpringVideoServiceApplication.logStarted - Started SpringVideoServiceApplication in 1.432 seconds (JVM running for 3924.485)
13-01-2019 02:06:20.904 [restartedMain] INFO  o.s.b.d.a.ConditionEvaluationDeltaLoggingListener.onApplicationEvent - Condition evaluation unchanged
13-01-2019 02:06:23.621 [RMI TCP Connection(70)-127.0.0.1] INFO  o.a.c.c.C.[Tomcat-1].[localhost].[/].log - Initializing Spring DispatcherServlet 'dispatcherServlet'
13-01-2019 02:06:23.623 [RMI TCP Connection(70)-127.0.0.1] INFO  o.s.web.servlet.DispatcherServlet.initServletBean - Initializing Servlet 'dispatcherServlet'
13-01-2019 02:06:23.623 [RMI TCP Connection(70)-127.0.0.1] DEBUG o.s.web.servlet.DispatcherServlet.initMultipartResolver - Detected StandardServletMultipartResolver
13-01-2019 02:06:23.628 [RMI TCP Connection(70)-127.0.0.1] DEBUG o.s.web.servlet.DispatcherServlet.initServletBean - enableLoggingRequestDetails='false': request parameters and headers will be masked to prevent unsafe logging of potentially sensitive data
13-01-2019 02:06:23.629 [RMI TCP Connection(70)-127.0.0.1] INFO  o.s.web.servlet.DispatcherServlet.initServletBean - Completed initialization in 6 ms
13-01-2019 02:06:32.559 [Thread-183] INFO  o.s.s.c.ThreadPoolTaskExecutor.shutdown - Shutting down ExecutorService 'applicationTaskExecutor'
13-01-2019 02:06:33.632 [restartedMain] DEBUG i.a.v.SpringVideoServiceApplication.main - Spring Application Statted
